==28605== Memcheck, a memory error detector
==28605== Copyright (C) 2002-2015, and GNU GPL'd, by Julian Seward et al.
==28605== Using Valgrind-3.11.0 and LibVEX; rerun with -h for copyright info
==28605== Command: ../trimmingApproximation ../cutwing.egads
==28605== Parent PID: 5355
==28605== 
==28605== Warning: invalid file descriptor -1 in syscall close()
==28605== Warning: invalid file descriptor -1 in syscall close()
==28605== Warning: invalid file descriptor -1 in syscall close()
==28605== Warning: invalid file descriptor -1 in syscall close()
==28605== Warning: invalid file descriptor -1 in syscall close()
==28605== Warning: invalid file descriptor -1 in syscall close()
==28605== 
==28605== HEAP SUMMARY:
==28605==     in use at exit: 363,689 bytes in 1,160 blocks
==28605==   total heap usage: 10,998 allocs, 9,838 frees, 4,271,041 bytes allocated
==28605== 
==28605== 16 bytes in 2 blocks are definitely lost in loss record 7 of 219
==28605==    at 0x4C2E80F: operator new[](unsigned long) (in /usr/lib/valgrind/vgpreload_memcheck-amd64-linux.so)
==28605==    by 0x81FDFD6: Geom_BSplineSurface::Geom_BSplineSurface(TColgp_Array2OfPnt const&, TColStd_Array1OfReal const&, TColStd_Array1OfReal const&, TColStd_Array1OfInteger const&, TColStd_Array1OfInteger const&, int, int, unsigned int, unsigned int) (in /home/julia/ESP/OpenCASCADE-6.8.1/lin64/gcc/lib/libTKG3d.so)
==28605==    by 0x8737998: operator>>(std::istream&, Handle_Geom_BSplineSurface&) (in /home/julia/ESP/OpenCASCADE-6.8.1/lin64/gcc/lib/libTKGeomBase.so)
==28605==    by 0x87382AD: GeomTools_SurfaceSet::ReadSurface(std::istream&, Handle_Geom_Surface&) (in /home/julia/ESP/OpenCASCADE-6.8.1/lin64/gcc/lib/libTKGeomBase.so)
==28605==    by 0x87386E2: GeomTools_SurfaceSet::Read(std::istream&) (in /home/julia/ESP/OpenCASCADE-6.8.1/lin64/gcc/lib/libTKGeomBase.so)
==28605==    by 0x7CF1414: BRepTools_ShapeSet::ReadGeometry(std::istream&) (in /home/julia/ESP/OpenCASCADE-6.8.1/lin64/gcc/lib/libTKBRep.so)
==28605==    by 0x7CB73A4: TopTools_ShapeSet::Read(std::istream&) (in /home/julia/ESP/OpenCASCADE-6.8.1/lin64/gcc/lib/libTKBRep.so)
==28605==    by 0x7CDDE65: BRepTools::Read(TopoDS_Shape&, char const*, BRep_Builder const&, Handle_Message_ProgressIndicator const&) (in /home/julia/ESP/OpenCASCADE-6.8.1/lin64/gcc/lib/libTKBRep.so)
==28605==    by 0x4EB1361: EG_loadModel (egadsIO.cpp:642)
==28605==    by 0x4053AD: main (trimmingApproximation.c:142)
==28605== 
==28605== 32 bytes in 2 blocks are definitely lost in loss record 13 of 219
==28605==    at 0x4C2E80F: operator new[](unsigned long) (in /usr/lib/valgrind/vgpreload_memcheck-amd64-linux.so)
==28605==    by 0x81FDF42: Geom_BSplineSurface::Geom_BSplineSurface(TColgp_Array2OfPnt const&, TColStd_Array1OfReal const&, TColStd_Array1OfReal const&, TColStd_Array1OfInteger const&, TColStd_Array1OfInteger const&, int, int, unsigned int, unsigned int) (in /home/julia/ESP/OpenCASCADE-6.8.1/lin64/gcc/lib/libTKG3d.so)
==28605==    by 0x8737998: operator>>(std::istream&, Handle_Geom_BSplineSurface&) (in /home/julia/ESP/OpenCASCADE-6.8.1/lin64/gcc/lib/libTKGeomBase.so)
==28605==    by 0x87382AD: GeomTools_SurfaceSet::ReadSurface(std::istream&, Handle_Geom_Surface&) (in /home/julia/ESP/OpenCASCADE-6.8.1/lin64/gcc/lib/libTKGeomBase.so)
==28605==    by 0x87386E2: GeomTools_SurfaceSet::Read(std::istream&) (in /home/julia/ESP/OpenCASCADE-6.8.1/lin64/gcc/lib/libTKGeomBase.so)
==28605==    by 0x7CF1414: BRepTools_ShapeSet::ReadGeometry(std::istream&) (in /home/julia/ESP/OpenCASCADE-6.8.1/lin64/gcc/lib/libTKBRep.so)
==28605==    by 0x7CB73A4: TopTools_ShapeSet::Read(std::istream&) (in /home/julia/ESP/OpenCASCADE-6.8.1/lin64/gcc/lib/libTKBRep.so)
==28605==    by 0x7CDDE65: BRepTools::Read(TopoDS_Shape&, char const*, BRep_Builder const&, Handle_Message_ProgressIndicator const&) (in /home/julia/ESP/OpenCASCADE-6.8.1/lin64/gcc/lib/libTKBRep.so)
==28605==    by 0x4EB1361: EG_loadModel (egadsIO.cpp:642)
==28605==    by 0x4053AD: main (trimmingApproximation.c:142)
==28605== 
==28605== 32 bytes in 4 blocks are definitely lost in loss record 14 of 219
==28605==    at 0x4C2E80F: operator new[](unsigned long) (in /usr/lib/valgrind/vgpreload_memcheck-amd64-linux.so)
==28605==    by 0x81FDEA1: Geom_BSplineSurface::Geom_BSplineSurface(TColgp_Array2OfPnt const&, TColStd_Array1OfReal const&, TColStd_Array1OfReal const&, TColStd_Array1OfInteger const&, TColStd_Array1OfInteger const&, int, int, unsigned int, unsigned int) (in /home/julia/ESP/OpenCASCADE-6.8.1/lin64/gcc/lib/libTKG3d.so)
==28605==    by 0x86336DC: GeomConvert::SurfaceToBSplineSurface(Handle_Geom_Surface const&) (in /home/julia/ESP/OpenCASCADE-6.8.1/lin64/gcc/lib/libTKGeomBase.so)
==28605==    by 0x8B6138F: ShapeConstruct::ConvertSurfaceToBSpline(Handle_Geom_Surface const&, double, double, double, double, double, GeomAbs_Shape, int, int) (in /home/julia/ESP/OpenCASCADE-6.8.1/lin64/gcc/lib/libTKShHealing.so)
==28605==    by 0x4E6A8DE: EG_convertToBSpline (egadsGeom.cpp:4297)
==28605==    by 0x405671: main (trimmingApproximation.c:175)
==28605== 
==28605== 32 bytes in 4 blocks are definitely lost in loss record 15 of 219
==28605==    at 0x4C2E80F: operator new[](unsigned long) (in /usr/lib/valgrind/vgpreload_memcheck-amd64-linux.so)
==28605==    by 0x81FDFD6: Geom_BSplineSurface::Geom_BSplineSurface(TColgp_Array2OfPnt const&, TColStd_Array1OfReal const&, TColStd_Array1OfReal const&, TColStd_Array1OfInteger const&, TColStd_Array1OfInteger const&, int, int, unsigned int, unsigned int) (in /home/julia/ESP/OpenCASCADE-6.8.1/lin64/gcc/lib/libTKG3d.so)
==28605==    by 0x86336DC: GeomConvert::SurfaceToBSplineSurface(Handle_Geom_Surface const&) (in /home/julia/ESP/OpenCASCADE-6.8.1/lin64/gcc/lib/libTKGeomBase.so)
==28605==    by 0x8B6138F: ShapeConstruct::ConvertSurfaceToBSpline(Handle_Geom_Surface const&, double, double, double, double, double, GeomAbs_Shape, int, int) (in /home/julia/ESP/OpenCASCADE-6.8.1/lin64/gcc/lib/libTKShHealing.so)
==28605==    by 0x4E6A8DE: EG_convertToBSpline (egadsGeom.cpp:4297)
==28605==    by 0x405671: main (trimmingApproximation.c:175)
==28605== 
==28605== 64 bytes in 4 blocks are definitely lost in loss record 40 of 219
==28605==    at 0x4C2E80F: operator new[](unsigned long) (in /usr/lib/valgrind/vgpreload_memcheck-amd64-linux.so)
==28605==    by 0x81FDDE5: Geom_BSplineSurface::Geom_BSplineSurface(TColgp_Array2OfPnt const&, TColStd_Array1OfReal const&, TColStd_Array1OfReal const&, TColStd_Array1OfInteger const&, TColStd_Array1OfInteger const&, int, int, unsigned int, unsigned int) (in /home/julia/ESP/OpenCASCADE-6.8.1/lin64/gcc/lib/libTKG3d.so)
==28605==    by 0x86336DC: GeomConvert::SurfaceToBSplineSurface(Handle_Geom_Surface const&) (in /home/julia/ESP/OpenCASCADE-6.8.1/lin64/gcc/lib/libTKGeomBase.so)
==28605==    by 0x8B6138F: ShapeConstruct::ConvertSurfaceToBSpline(Handle_Geom_Surface const&, double, double, double, double, double, GeomAbs_Shape, int, int) (in /home/julia/ESP/OpenCASCADE-6.8.1/lin64/gcc/lib/libTKShHealing.so)
==28605==    by 0x4E6A8DE: EG_convertToBSpline (egadsGeom.cpp:4297)
==28605==    by 0x405671: main (trimmingApproximation.c:175)
==28605== 
==28605== 64 bytes in 4 blocks are definitely lost in loss record 41 of 219
==28605==    at 0x4C2E80F: operator new[](unsigned long) (in /usr/lib/valgrind/vgpreload_memcheck-amd64-linux.so)
==28605==    by 0x81FDF42: Geom_BSplineSurface::Geom_BSplineSurface(TColgp_Array2OfPnt const&, TColStd_Array1OfReal const&, TColStd_Array1OfReal const&, TColStd_Array1OfInteger const&, TColStd_Array1OfInteger const&, int, int, unsigned int, unsigned int) (in /home/julia/ESP/OpenCASCADE-6.8.1/lin64/gcc/lib/libTKG3d.so)
==28605==    by 0x86336DC: GeomConvert::SurfaceToBSplineSurface(Handle_Geom_Surface const&) (in /home/julia/ESP/OpenCASCADE-6.8.1/lin64/gcc/lib/libTKGeomBase.so)
==28605==    by 0x8B6138F: ShapeConstruct::ConvertSurfaceToBSpline(Handle_Geom_Surface const&, double, double, double, double, double, GeomAbs_Shape, int, int) (in /home/julia/ESP/OpenCASCADE-6.8.1/lin64/gcc/lib/libTKShHealing.so)
==28605==    by 0x4E6A8DE: EG_convertToBSpline (egadsGeom.cpp:4297)
==28605==    by 0x405671: main (trimmingApproximation.c:175)
==28605== 
==28605== 128 bytes in 2 blocks are definitely lost in loss record 64 of 219
==28605==    at 0x4C2E80F: operator new[](unsigned long) (in /usr/lib/valgrind/vgpreload_memcheck-amd64-linux.so)
==28605==    by 0x81FAC8B: Geom_BSplineSurface::UpdateVKnots() (in /home/julia/ESP/OpenCASCADE-6.8.1/lin64/gcc/lib/libTKG3d.so)
==28605==    by 0x81FE107: Geom_BSplineSurface::Geom_BSplineSurface(TColgp_Array2OfPnt const&, TColStd_Array1OfReal const&, TColStd_Array1OfReal const&, TColStd_Array1OfInteger const&, TColStd_Array1OfInteger const&, int, int, unsigned int, unsigned int) (in /home/julia/ESP/OpenCASCADE-6.8.1/lin64/gcc/lib/libTKG3d.so)
==28605==    by 0x8737998: operator>>(std::istream&, Handle_Geom_BSplineSurface&) (in /home/julia/ESP/OpenCASCADE-6.8.1/lin64/gcc/lib/libTKGeomBase.so)
==28605==    by 0x87382AD: GeomTools_SurfaceSet::ReadSurface(std::istream&, Handle_Geom_Surface&) (in /home/julia/ESP/OpenCASCADE-6.8.1/lin64/gcc/lib/libTKGeomBase.so)
==28605==    by 0x87386E2: GeomTools_SurfaceSet::Read(std::istream&) (in /home/julia/ESP/OpenCASCADE-6.8.1/lin64/gcc/lib/libTKGeomBase.so)
==28605==    by 0x7CF1414: BRepTools_ShapeSet::ReadGeometry(std::istream&) (in /home/julia/ESP/OpenCASCADE-6.8.1/lin64/gcc/lib/libTKBRep.so)
==28605==    by 0x7CB73A4: TopTools_ShapeSet::Read(std::istream&) (in /home/julia/ESP/OpenCASCADE-6.8.1/lin64/gcc/lib/libTKBRep.so)
==28605==    by 0x7CDDE65: BRepTools::Read(TopoDS_Shape&, char const*, BRep_Builder const&, Handle_Message_ProgressIndicator const&) (in /home/julia/ESP/OpenCASCADE-6.8.1/lin64/gcc/lib/libTKBRep.so)
==28605==    by 0x4EB1361: EG_loadModel (egadsIO.cpp:642)
==28605==    by 0x4053AD: main (trimmingApproximation.c:142)
==28605== 
==28605== 128 bytes in 4 blocks are definitely lost in loss record 65 of 219
==28605==    at 0x4C2E80F: operator new[](unsigned long) (in /usr/lib/valgrind/vgpreload_memcheck-amd64-linux.so)
==28605==    by 0x81FA69B: Geom_BSplineSurface::UpdateUKnots() (in /home/julia/ESP/OpenCASCADE-6.8.1/lin64/gcc/lib/libTKG3d.so)
==28605==    by 0x81FE0FF: Geom_BSplineSurface::Geom_BSplineSurface(TColgp_Array2OfPnt const&, TColStd_Array1OfReal const&, TColStd_Array1OfReal const&, TColStd_Array1OfInteger const&, TColStd_Array1OfInteger const&, int, int, unsigned int, unsigned int) (in /home/julia/ESP/OpenCASCADE-6.8.1/lin64/gcc/lib/libTKG3d.so)
==28605==    by 0x86336DC: GeomConvert::SurfaceToBSplineSurface(Handle_Geom_Surface const&) (in /home/julia/ESP/OpenCASCADE-6.8.1/lin64/gcc/lib/libTKGeomBase.so)
==28605==    by 0x8B6138F: ShapeConstruct::ConvertSurfaceToBSpline(Handle_Geom_Surface const&, double, double, double, double, double, GeomAbs_Shape, int, int) (in /home/julia/ESP/OpenCASCADE-6.8.1/lin64/gcc/lib/libTKShHealing.so)
==28605==    by 0x4E6A8DE: EG_convertToBSpline (egadsGeom.cpp:4297)
==28605==    by 0x405671: main (trimmingApproximation.c:175)
==28605== 
==28605== 128 bytes in 4 blocks are definitely lost in loss record 66 of 219
==28605==    at 0x4C2E80F: operator new[](unsigned long) (in /usr/lib/valgrind/vgpreload_memcheck-amd64-linux.so)
==28605==    by 0x81FAC8B: Geom_BSplineSurface::UpdateVKnots() (in /home/julia/ESP/OpenCASCADE-6.8.1/lin64/gcc/lib/libTKG3d.so)
==28605==    by 0x81FE107: Geom_BSplineSurface::Geom_BSplineSurface(TColgp_Array2OfPnt const&, TColStd_Array1OfReal const&, TColStd_Array1OfReal const&, TColStd_Array1OfInteger const&, TColStd_Array1OfInteger const&, int, int, unsigned int, unsigned int) (in /home/julia/ESP/OpenCASCADE-6.8.1/lin64/gcc/lib/libTKG3d.so)
==28605==    by 0x86336DC: GeomConvert::SurfaceToBSplineSurface(Handle_Geom_Surface const&) (in /home/julia/ESP/OpenCASCADE-6.8.1/lin64/gcc/lib/libTKGeomBase.so)
==28605==    by 0x8B6138F: ShapeConstruct::ConvertSurfaceToBSpline(Handle_Geom_Surface const&, double, double, double, double, double, GeomAbs_Shape, int, int) (in /home/julia/ESP/OpenCASCADE-6.8.1/lin64/gcc/lib/libTKShHealing.so)
==28605==    by 0x4E6A8DE: EG_convertToBSpline (egadsGeom.cpp:4297)
==28605==    by 0x405671: main (trimmingApproximation.c:175)
==28605== 
==28605== 184 bytes in 6 blocks are definitely lost in loss record 80 of 219
==28605==    at 0x4C2E80F: operator new[](unsigned long) (in /usr/lib/valgrind/vgpreload_memcheck-amd64-linux.so)
==28605==    by 0x81FDFD6: Geom_BSplineSurface::Geom_BSplineSurface(TColgp_Array2OfPnt const&, TColStd_Array1OfReal const&, TColStd_Array1OfReal const&, TColStd_Array1OfInteger const&, TColStd_Array1OfInteger const&, int, int, unsigned int, unsigned int) (in /home/julia/ESP/OpenCASCADE-6.8.1/lin64/gcc/lib/libTKG3d.so)
==28605==    by 0x4E65B0F: EG_makeGeometry (egadsGeom.cpp:2301)
==28605==    by 0x4EC76F1: EG_spline2dAppx (egadsSplineFit.cpp:3630)
==28605==    by 0x40659E: main (trimmingApproximation.c:354)
==28605== 
==28605== 192 (64 direct, 128 indirect) bytes in 4 blocks are definitely lost in loss record 86 of 219
==28605==    at 0x4C2FB55: calloc (in /usr/lib/valgrind/vgpreload_memcheck-amd64-linux.so)
==28605==    by 0x5E8D4FF: Standard_MMgrRaw::Allocate(unsigned long) (in /home/julia/ESP/OpenCASCADE-6.8.1/lin64/gcc/lib/libTKernel.so)
==28605==    by 0x5EA32B7: TColStd_Array2OfReal::Allocate() (in /home/julia/ESP/OpenCASCADE-6.8.1/lin64/gcc/lib/libTKernel.so)
==28605==    by 0x81FDD2F: Geom_BSplineSurface::Geom_BSplineSurface(TColgp_Array2OfPnt const&, TColStd_Array1OfReal const&, TColStd_Array1OfReal const&, TColStd_Array1OfInteger const&, TColStd_Array1OfInteger const&, int, int, unsigned int, unsigned int) (in /home/julia/ESP/OpenCASCADE-6.8.1/lin64/gcc/lib/libTKG3d.so)
==28605==    by 0x86336DC: GeomConvert::SurfaceToBSplineSurface(Handle_Geom_Surface const&) (in /home/julia/ESP/OpenCASCADE-6.8.1/lin64/gcc/lib/libTKGeomBase.so)
==28605==    by 0x8B6138F: ShapeConstruct::ConvertSurfaceToBSpline(Handle_Geom_Surface const&, double, double, double, double, double, GeomAbs_Shape, int, int) (in /home/julia/ESP/OpenCASCADE-6.8.1/lin64/gcc/lib/libTKShHealing.so)
==28605==    by 0x4E6A8DE: EG_convertToBSpline (egadsGeom.cpp:4297)
==28605==    by 0x405671: main (trimmingApproximation.c:175)
==28605== 
==28605== 264 bytes in 6 blocks are definitely lost in loss record 104 of 219
==28605==    at 0x4C2E80F: operator new[](unsigned long) (in /usr/lib/valgrind/vgpreload_memcheck-amd64-linux.so)
==28605==    by 0x81FDEA1: Geom_BSplineSurface::Geom_BSplineSurface(TColgp_Array2OfPnt const&, TColStd_Array1OfReal const&, TColStd_Array1OfReal const&, TColStd_Array1OfInteger const&, TColStd_Array1OfInteger const&, int, int, unsigned int, unsigned int) (in /home/julia/ESP/OpenCASCADE-6.8.1/lin64/gcc/lib/libTKG3d.so)
==28605==    by 0x4E65B0F: EG_makeGeometry (egadsGeom.cpp:2301)
==28605==    by 0x4EC76F1: EG_spline2dAppx (egadsSplineFit.cpp:3630)
==28605==    by 0x40659E: main (trimmingApproximation.c:354)
==28605== 
==28605== 320 bytes in 4 blocks are definitely lost in loss record 115 of 219
==28605==    at 0x4C2FB55: calloc (in /usr/lib/valgrind/vgpreload_memcheck-amd64-linux.so)
==28605==    by 0x5E8D4FF: Standard_MMgrRaw::Allocate(unsigned long) (in /home/julia/ESP/OpenCASCADE-6.8.1/lin64/gcc/lib/libTKernel.so)
==28605==    by 0x7F662BD: Geom2d_BSplineCurve::Geom2d_BSplineCurve(TColgp_Array1OfPnt2d const&, TColStd_Array1OfReal const&, TColStd_Array1OfInteger const&, int, unsigned int) (in /home/julia/ESP/OpenCASCADE-6.8.1/lin64/gcc/lib/libTKG2d.so)
==28605==    by 0x872E70E: operator>>(std::istream&, Handle_Geom2d_BSplineCurve&) (in /home/julia/ESP/OpenCASCADE-6.8.1/lin64/gcc/lib/libTKGeomBase.so)
==28605==    by 0x872F2CD: GeomTools_Curve2dSet::ReadCurve2d(std::istream&, Handle_Geom2d_Curve&) (in /home/julia/ESP/OpenCASCADE-6.8.1/lin64/gcc/lib/libTKGeomBase.so)
==28605==    by 0x872FC22: GeomTools_Curve2dSet::Read(std::istream&) (in /home/julia/ESP/OpenCASCADE-6.8.1/lin64/gcc/lib/libTKGeomBase.so)
==28605==    by 0x7CF0FF4: BRepTools_ShapeSet::ReadGeometry(std::istream&) (in /home/julia/ESP/OpenCASCADE-6.8.1/lin64/gcc/lib/libTKBRep.so)
==28605==    by 0x7CB73A4: TopTools_ShapeSet::Read(std::istream&) (in /home/julia/ESP/OpenCASCADE-6.8.1/lin64/gcc/lib/libTKBRep.so)
==28605==    by 0x7CDDE65: BRepTools::Read(TopoDS_Shape&, char const*, BRep_Builder const&, Handle_Message_ProgressIndicator const&) (in /home/julia/ESP/OpenCASCADE-6.8.1/lin64/gcc/lib/libTKBRep.so)
==28605==    by 0x4EB1361: EG_loadModel (egadsIO.cpp:642)
==28605==    by 0x4053AD: main (trimmingApproximation.c:142)
==28605== 
==28605== 368 bytes in 6 blocks are definitely lost in loss record 121 of 219
==28605==    at 0x4C2E80F: operator new[](unsigned long) (in /usr/lib/valgrind/vgpreload_memcheck-amd64-linux.so)
==28605==    by 0x81FDF42: Geom_BSplineSurface::Geom_BSplineSurface(TColgp_Array2OfPnt const&, TColStd_Array1OfReal const&, TColStd_Array1OfReal const&, TColStd_Array1OfInteger const&, TColStd_Array1OfInteger const&, int, int, unsigned int, unsigned int) (in /home/julia/ESP/OpenCASCADE-6.8.1/lin64/gcc/lib/libTKG3d.so)
==28605==    by 0x4E65B0F: EG_makeGeometry (egadsGeom.cpp:2301)
==28605==    by 0x4EC76F1: EG_spline2dAppx (egadsSplineFit.cpp:3630)
==28605==    by 0x40659E: main (trimmingApproximation.c:354)
==28605== 
==28605== 448 (64 direct, 384 indirect) bytes in 4 blocks are definitely lost in loss record 139 of 219
==28605==    at 0x4C2FB55: calloc (in /usr/lib/valgrind/vgpreload_memcheck-amd64-linux.so)
==28605==    by 0x5E8D4FF: Standard_MMgrRaw::Allocate(unsigned long) (in /home/julia/ESP/OpenCASCADE-6.8.1/lin64/gcc/lib/libTKernel.so)
==28605==    by 0x7011EF5: TColgp_Array2OfPnt::Allocate() (in /home/julia/ESP/OpenCASCADE-6.8.1/lin64/gcc/lib/libTKMath.so)
==28605==    by 0x81FDC2F: Geom_BSplineSurface::Geom_BSplineSurface(TColgp_Array2OfPnt const&, TColStd_Array1OfReal const&, TColStd_Array1OfReal const&, TColStd_Array1OfInteger const&, TColStd_Array1OfInteger const&, int, int, unsigned int, unsigned int) (in /home/julia/ESP/OpenCASCADE-6.8.1/lin64/gcc/lib/libTKG3d.so)
==28605==    by 0x86336DC: GeomConvert::SurfaceToBSplineSurface(Handle_Geom_Surface const&) (in /home/julia/ESP/OpenCASCADE-6.8.1/lin64/gcc/lib/libTKGeomBase.so)
==28605==    by 0x8B6138F: ShapeConstruct::ConvertSurfaceToBSpline(Handle_Geom_Surface const&, double, double, double, double, double, GeomAbs_Shape, int, int) (in /home/julia/ESP/OpenCASCADE-6.8.1/lin64/gcc/lib/libTKShHealing.so)
==28605==    by 0x4E6A8DE: EG_convertToBSpline (egadsGeom.cpp:4297)
==28605==    by 0x405671: main (trimmingApproximation.c:175)
==28605== 
==28605== 448 (64 direct, 384 indirect) bytes in 4 blocks are definitely lost in loss record 140 of 219
==28605==    at 0x4C2FB55: calloc (in /usr/lib/valgrind/vgpreload_memcheck-amd64-linux.so)
==28605==    by 0x5E8D4FF: Standard_MMgrRaw::Allocate(unsigned long) (in /home/julia/ESP/OpenCASCADE-6.8.1/lin64/gcc/lib/libTKernel.so)
==28605==    by 0x7011EF5: TColgp_Array2OfPnt::Allocate() (in /home/julia/ESP/OpenCASCADE-6.8.1/lin64/gcc/lib/libTKMath.so)
==28605==    by 0x81FE083: Geom_BSplineSurface::Geom_BSplineSurface(TColgp_Array2OfPnt const&, TColStd_Array1OfReal const&, TColStd_Array1OfReal const&, TColStd_Array1OfInteger const&, TColStd_Array1OfInteger const&, int, int, unsigned int, unsigned int) (in /home/julia/ESP/OpenCASCADE-6.8.1/lin64/gcc/lib/libTKG3d.so)
==28605==    by 0x86336DC: GeomConvert::SurfaceToBSplineSurface(Handle_Geom_Surface const&) (in /home/julia/ESP/OpenCASCADE-6.8.1/lin64/gcc/lib/libTKGeomBase.so)
==28605==    by 0x8B6138F: ShapeConstruct::ConvertSurfaceToBSpline(Handle_Geom_Surface const&, double, double, double, double, double, GeomAbs_Shape, int, int) (in /home/julia/ESP/OpenCASCADE-6.8.1/lin64/gcc/lib/libTKShHealing.so)
==28605==    by 0x4E6A8DE: EG_convertToBSpline (egadsGeom.cpp:4297)
==28605==    by 0x405671: main (trimmingApproximation.c:175)
==28605== 
==28605== 528 bytes in 6 blocks are definitely lost in loss record 143 of 219
==28605==    at 0x4C2E80F: operator new[](unsigned long) (in /usr/lib/valgrind/vgpreload_memcheck-amd64-linux.so)
==28605==    by 0x81FDDE5: Geom_BSplineSurface::Geom_BSplineSurface(TColgp_Array2OfPnt const&, TColStd_Array1OfReal const&, TColStd_Array1OfReal const&, TColStd_Array1OfInteger const&, TColStd_Array1OfInteger const&, int, int, unsigned int, unsigned int) (in /home/julia/ESP/OpenCASCADE-6.8.1/lin64/gcc/lib/libTKG3d.so)
==28605==    by 0x4E65B0F: EG_makeGeometry (egadsGeom.cpp:2301)
==28605==    by 0x4EC76F1: EG_spline2dAppx (egadsSplineFit.cpp:3630)
==28605==    by 0x40659E: main (trimmingApproximation.c:354)
==28605== 
==28605== 544 bytes in 4 blocks are definitely lost in loss record 144 of 219
==28605==    at 0x4C2E80F: operator new[](unsigned long) (in /usr/lib/valgrind/vgpreload_memcheck-amd64-linux.so)
==28605==    by 0x7F66233: Geom2d_BSplineCurve::Geom2d_BSplineCurve(TColgp_Array1OfPnt2d const&, TColStd_Array1OfReal const&, TColStd_Array1OfInteger const&, int, unsigned int) (in /home/julia/ESP/OpenCASCADE-6.8.1/lin64/gcc/lib/libTKG2d.so)
==28605==    by 0x872E70E: operator>>(std::istream&, Handle_Geom2d_BSplineCurve&) (in /home/julia/ESP/OpenCASCADE-6.8.1/lin64/gcc/lib/libTKGeomBase.so)
==28605==    by 0x872F2CD: GeomTools_Curve2dSet::ReadCurve2d(std::istream&, Handle_Geom2d_Curve&) (in /home/julia/ESP/OpenCASCADE-6.8.1/lin64/gcc/lib/libTKGeomBase.so)
==28605==    by 0x872FC22: GeomTools_Curve2dSet::Read(std::istream&) (in /home/julia/ESP/OpenCASCADE-6.8.1/lin64/gcc/lib/libTKGeomBase.so)
==28605==    by 0x7CF0FF4: BRepTools_ShapeSet::ReadGeometry(std::istream&) (in /home/julia/ESP/OpenCASCADE-6.8.1/lin64/gcc/lib/libTKBRep.so)
==28605==    by 0x7CB73A4: TopTools_ShapeSet::Read(std::istream&) (in /home/julia/ESP/OpenCASCADE-6.8.1/lin64/gcc/lib/libTKBRep.so)
==28605==    by 0x7CDDE65: BRepTools::Read(TopoDS_Shape&, char const*, BRep_Builder const&, Handle_Message_ProgressIndicator const&) (in /home/julia/ESP/OpenCASCADE-6.8.1/lin64/gcc/lib/libTKBRep.so)
==28605==    by 0x4EB1361: EG_loadModel (egadsIO.cpp:642)
==28605==    by 0x4053AD: main (trimmingApproximation.c:142)
==28605== 
==28605== 656 (520 direct, 136 indirect) bytes in 1 blocks are definitely lost in loss record 152 of 219
==28605==    at 0x4C2DB8F: malloc (in /usr/lib/valgrind/vgpreload_memcheck-amd64-linux.so)
==28605==    by 0x52C32B: CagdCrvNew (in /home/julia/ESP/XULIA/MICROSTRUCTURES/bobWings/trimmingApproximation)
==28605==    by 0x52C3A7: CagdPeriodicCrvNew (in /home/julia/ESP/XULIA/MICROSTRUCTURES/bobWings/trimmingApproximation)
==28605==    by 0x51E1A5: BspPeriodicCrvNew (in /home/julia/ESP/XULIA/MICROSTRUCTURES/bobWings/trimmingApproximation)
==28605==    by 0x5772C0: BspSrfCrvFromMesh (in /home/julia/ESP/XULIA/MICROSTRUCTURES/bobWings/trimmingApproximation)
==28605==    by 0x49B6B1: MvarTrivarBoolSum3 (in /home/julia/ESP/XULIA/MICROSTRUCTURES/bobWings/trimmingApproximation)
==28605==    by 0x407618: main (trimmingApproximation.c:396)
==28605== 
==28605== 656 bytes in 6 blocks are definitely lost in loss record 153 of 219
==28605==    at 0x4C2E80F: operator new[](unsigned long) (in /usr/lib/valgrind/vgpreload_memcheck-amd64-linux.so)
==28605==    by 0x81FAC8B: Geom_BSplineSurface::UpdateVKnots() (in /home/julia/ESP/OpenCASCADE-6.8.1/lin64/gcc/lib/libTKG3d.so)
==28605==    by 0x81FE107: Geom_BSplineSurface::Geom_BSplineSurface(TColgp_Array2OfPnt const&, TColStd_Array1OfReal const&, TColStd_Array1OfReal const&, TColStd_Array1OfInteger const&, TColStd_Array1OfInteger const&, int, int, unsigned int, unsigned int) (in /home/julia/ESP/OpenCASCADE-6.8.1/lin64/gcc/lib/libTKG3d.so)
==28605==    by 0x4E65B0F: EG_makeGeometry (egadsGeom.cpp:2301)
==28605==    by 0x4EC76F1: EG_spline2dAppx (egadsSplineFit.cpp:3630)
==28605==    by 0x40659E: main (trimmingApproximation.c:354)
==28605== 
==28605== 808 bytes in 2 blocks are definitely lost in loss record 163 of 219
==28605==    at 0x4C2E80F: operator new[](unsigned long) (in /usr/lib/valgrind/vgpreload_memcheck-amd64-linux.so)
==28605==    by 0x81FDEA1: Geom_BSplineSurface::Geom_BSplineSurface(TColgp_Array2OfPnt const&, TColStd_Array1OfReal const&, TColStd_Array1OfReal const&, TColStd_Array1OfInteger const&, TColStd_Array1OfInteger const&, int, int, unsigned int, unsigned int) (in /home/julia/ESP/OpenCASCADE-6.8.1/lin64/gcc/lib/libTKG3d.so)
==28605==    by 0x8737998: operator>>(std::istream&, Handle_Geom_BSplineSurface&) (in /home/julia/ESP/OpenCASCADE-6.8.1/lin64/gcc/lib/libTKGeomBase.so)
==28605==    by 0x87382AD: GeomTools_SurfaceSet::ReadSurface(std::istream&, Handle_Geom_Surface&) (in /home/julia/ESP/OpenCASCADE-6.8.1/lin64/gcc/lib/libTKGeomBase.so)
==28605==    by 0x87386E2: GeomTools_SurfaceSet::Read(std::istream&) (in /home/julia/ESP/OpenCASCADE-6.8.1/lin64/gcc/lib/libTKGeomBase.so)
==28605==    by 0x7CF1414: BRepTools_ShapeSet::ReadGeometry(std::istream&) (in /home/julia/ESP/OpenCASCADE-6.8.1/lin64/gcc/lib/libTKBRep.so)
==28605==    by 0x7CB73A4: TopTools_ShapeSet::Read(std::istream&) (in /home/julia/ESP/OpenCASCADE-6.8.1/lin64/gcc/lib/libTKBRep.so)
==28605==    by 0x7CDDE65: BRepTools::Read(TopoDS_Shape&, char const*, BRep_Builder const&, Handle_Message_ProgressIndicator const&) (in /home/julia/ESP/OpenCASCADE-6.8.1/lin64/gcc/lib/libTKBRep.so)
==28605==    by 0x4EB1361: EG_loadModel (egadsIO.cpp:642)
==28605==    by 0x4053AD: main (trimmingApproximation.c:142)
==28605== 
==28605== 816 bytes in 6 blocks are definitely lost in loss record 175 of 219
==28605==    at 0x4C2E80F: operator new[](unsigned long) (in /usr/lib/valgrind/vgpreload_memcheck-amd64-linux.so)
==28605==    by 0x81FA69B: Geom_BSplineSurface::UpdateUKnots() (in /home/julia/ESP/OpenCASCADE-6.8.1/lin64/gcc/lib/libTKG3d.so)
==28605==    by 0x81FE0FF: Geom_BSplineSurface::Geom_BSplineSurface(TColgp_Array2OfPnt const&, TColStd_Array1OfReal const&, TColStd_Array1OfReal const&, TColStd_Array1OfInteger const&, TColStd_Array1OfInteger const&, int, int, unsigned int, unsigned int) (in /home/julia/ESP/OpenCASCADE-6.8.1/lin64/gcc/lib/libTKG3d.so)
==28605==    by 0x4E65B0F: EG_makeGeometry (egadsGeom.cpp:2301)
==28605==    by 0x4EC76F1: EG_spline2dAppx (egadsSplineFit.cpp:3630)
==28605==    by 0x40659E: main (trimmingApproximation.c:354)
==28605== 
==28605== 832 (64 direct, 768 indirect) bytes in 2 blocks are definitely lost in loss record 177 of 219
==28605==    at 0x4C2FB55: calloc (in /usr/lib/valgrind/vgpreload_memcheck-amd64-linux.so)
==28605==    by 0x5E8D4FF: Standard_MMgrRaw::Allocate(unsigned long) (in /home/julia/ESP/OpenCASCADE-6.8.1/lin64/gcc/lib/libTKernel.so)
==28605==    by 0x7011EF5: TColgp_Array2OfPnt::Allocate() (in /home/julia/ESP/OpenCASCADE-6.8.1/lin64/gcc/lib/libTKMath.so)
==28605==    by 0x81FE083: Geom_BSplineSurface::Geom_BSplineSurface(TColgp_Array2OfPnt const&, TColStd_Array1OfReal const&, TColStd_Array1OfReal const&, TColStd_Array1OfInteger const&, TColStd_Array1OfInteger const&, int, int, unsigned int, unsigned int) (in /home/julia/ESP/OpenCASCADE-6.8.1/lin64/gcc/lib/libTKG3d.so)
==28605==    by 0x8737998: operator>>(std::istream&, Handle_Geom_BSplineSurface&) (in /home/julia/ESP/OpenCASCADE-6.8.1/lin64/gcc/lib/libTKGeomBase.so)
==28605==    by 0x87382AD: GeomTools_SurfaceSet::ReadSurface(std::istream&, Handle_Geom_Surface&) (in /home/julia/ESP/OpenCASCADE-6.8.1/lin64/gcc/lib/libTKGeomBase.so)
==28605==    by 0x87386E2: GeomTools_SurfaceSet::Read(std::istream&) (in /home/julia/ESP/OpenCASCADE-6.8.1/lin64/gcc/lib/libTKGeomBase.so)
==28605==    by 0x7CF1414: BRepTools_ShapeSet::ReadGeometry(std::istream&) (in /home/julia/ESP/OpenCASCADE-6.8.1/lin64/gcc/lib/libTKBRep.so)
==28605==    by 0x7CB73A4: TopTools_ShapeSet::Read(std::istream&) (in /home/julia/ESP/OpenCASCADE-6.8.1/lin64/gcc/lib/libTKBRep.so)
==28605==    by 0x7CDDE65: BRepTools::Read(TopoDS_Shape&, char const*, BRep_Builder const&, Handle_Message_ProgressIndicator const&) (in /home/julia/ESP/OpenCASCADE-6.8.1/lin64/gcc/lib/libTKBRep.so)
==28605==    by 0x4EB1361: EG_loadModel (egadsIO.cpp:642)
==28605==    by 0x4053AD: main (trimmingApproximation.c:142)
==28605== 
==28605== 864 bytes in 8 blocks are definitely lost in loss record 180 of 219
==28605==    at 0x4C2FB55: calloc (in /usr/lib/valgrind/vgpreload_memcheck-amd64-linux.so)
==28605==    by 0x5E8D4FF: Standard_MMgrRaw::Allocate(unsigned long) (in /home/julia/ESP/OpenCASCADE-6.8.1/lin64/gcc/lib/libTKernel.so)
==28605==    by 0x81F4B0B: Geom_BSplineCurve::Geom_BSplineCurve(TColgp_Array1OfPnt const&, TColStd_Array1OfReal const&, TColStd_Array1OfInteger const&, int, unsigned int) (in /home/julia/ESP/OpenCASCADE-6.8.1/lin64/gcc/lib/libTKG3d.so)
==28605==    by 0x8732946: operator>>(std::istream&, Handle_Geom_BSplineCurve&) (in /home/julia/ESP/OpenCASCADE-6.8.1/lin64/gcc/lib/libTKGeomBase.so)
==28605==    by 0x873376D: GeomTools_CurveSet::ReadCurve(std::istream&, Handle_Geom_Curve&) (in /home/julia/ESP/OpenCASCADE-6.8.1/lin64/gcc/lib/libTKGeomBase.so)
==28605==    by 0x8733E82: GeomTools_CurveSet::Read(std::istream&) (in /home/julia/ESP/OpenCASCADE-6.8.1/lin64/gcc/lib/libTKGeomBase.so)
==28605==    by 0x7CF1129: BRepTools_ShapeSet::ReadGeometry(std::istream&) (in /home/julia/ESP/OpenCASCADE-6.8.1/lin64/gcc/lib/libTKBRep.so)
==28605==    by 0x7CB73A4: TopTools_ShapeSet::Read(std::istream&) (in /home/julia/ESP/OpenCASCADE-6.8.1/lin64/gcc/lib/libTKBRep.so)
==28605==    by 0x7CDDE65: BRepTools::Read(TopoDS_Shape&, char const*, BRep_Builder const&, Handle_Message_ProgressIndicator const&) (in /home/julia/ESP/OpenCASCADE-6.8.1/lin64/gcc/lib/libTKBRep.so)
==28605==    by 0x4EB1361: EG_loadModel (egadsIO.cpp:642)
==28605==    by 0x4053AD: main (trimmingApproximation.c:142)
==28605== 
==28605== 1,088 bytes in 4 blocks are definitely lost in loss record 181 of 219
==28605==    at 0x4C2E80F: operator new[](unsigned long) (in /usr/lib/valgrind/vgpreload_memcheck-amd64-linux.so)
==28605==    by 0x7F661A3: Geom2d_BSplineCurve::Geom2d_BSplineCurve(TColgp_Array1OfPnt2d const&, TColStd_Array1OfReal const&, TColStd_Array1OfInteger const&, int, unsigned int) (in /home/julia/ESP/OpenCASCADE-6.8.1/lin64/gcc/lib/libTKG2d.so)
==28605==    by 0x872E70E: operator>>(std::istream&, Handle_Geom2d_BSplineCurve&) (in /home/julia/ESP/OpenCASCADE-6.8.1/lin64/gcc/lib/libTKGeomBase.so)
==28605==    by 0x872F2CD: GeomTools_Curve2dSet::ReadCurve2d(std::istream&, Handle_Geom2d_Curve&) (in /home/julia/ESP/OpenCASCADE-6.8.1/lin64/gcc/lib/libTKGeomBase.so)
==28605==    by 0x872FC22: GeomTools_Curve2dSet::Read(std::istream&) (in /home/julia/ESP/OpenCASCADE-6.8.1/lin64/gcc/lib/libTKGeomBase.so)
==28605==    by 0x7CF0FF4: BRepTools_ShapeSet::ReadGeometry(std::istream&) (in /home/julia/ESP/OpenCASCADE-6.8.1/lin64/gcc/lib/libTKBRep.so)
==28605==    by 0x7CB73A4: TopTools_ShapeSet::Read(std::istream&) (in /home/julia/ESP/OpenCASCADE-6.8.1/lin64/gcc/lib/libTKBRep.so)
==28605==    by 0x7CDDE65: BRepTools::Read(TopoDS_Shape&, char const*, BRep_Builder const&, Handle_Message_ProgressIndicator const&) (in /home/julia/ESP/OpenCASCADE-6.8.1/lin64/gcc/lib/libTKBRep.so)
==28605==    by 0x4EB1361: EG_loadModel (egadsIO.cpp:642)
==28605==    by 0x4053AD: main (trimmingApproximation.c:142)
==28605== 
==28605== 1,616 bytes in 2 blocks are definitely lost in loss record 187 of 219
==28605==    at 0x4C2E80F: operator new[](unsigned long) (in /usr/lib/valgrind/vgpreload_memcheck-amd64-linux.so)
==28605==    by 0x81FDDE5: Geom_BSplineSurface::Geom_BSplineSurface(TColgp_Array2OfPnt const&, TColStd_Array1OfReal const&, TColStd_Array1OfReal const&, TColStd_Array1OfInteger const&, TColStd_Array1OfInteger const&, int, int, unsigned int, unsigned int) (in /home/julia/ESP/OpenCASCADE-6.8.1/lin64/gcc/lib/libTKG3d.so)
==28605==    by 0x8737998: operator>>(std::istream&, Handle_Geom_BSplineSurface&) (in /home/julia/ESP/OpenCASCADE-6.8.1/lin64/gcc/lib/libTKGeomBase.so)
==28605==    by 0x87382AD: GeomTools_SurfaceSet::ReadSurface(std::istream&, Handle_Geom_Surface&) (in /home/julia/ESP/OpenCASCADE-6.8.1/lin64/gcc/lib/libTKGeomBase.so)
==28605==    by 0x87386E2: GeomTools_SurfaceSet::Read(std::istream&) (in /home/julia/ESP/OpenCASCADE-6.8.1/lin64/gcc/lib/libTKGeomBase.so)
==28605==    by 0x7CF1414: BRepTools_ShapeSet::ReadGeometry(std::istream&) (in /home/julia/ESP/OpenCASCADE-6.8.1/lin64/gcc/lib/libTKBRep.so)
==28605==    by 0x7CB73A4: TopTools_ShapeSet::Read(std::istream&) (in /home/julia/ESP/OpenCASCADE-6.8.1/lin64/gcc/lib/libTKBRep.so)
==28605==    by 0x7CDDE65: BRepTools::Read(TopoDS_Shape&, char const*, BRep_Builder const&, Handle_Message_ProgressIndicator const&) (in /home/julia/ESP/OpenCASCADE-6.8.1/lin64/gcc/lib/libTKBRep.so)
==28605==    by 0x4EB1361: EG_loadModel (egadsIO.cpp:642)
==28605==    by 0x4053AD: main (trimmingApproximation.c:142)
==28605== 
==28605== 1,712 bytes in 2 blocks are definitely lost in loss record 190 of 219
==28605==    at 0x4C2E80F: operator new[](unsigned long) (in /usr/lib/valgrind/vgpreload_memcheck-amd64-linux.so)
==28605==    by 0x81FA69B: Geom_BSplineSurface::UpdateUKnots() (in /home/julia/ESP/OpenCASCADE-6.8.1/lin64/gcc/lib/libTKG3d.so)
==28605==    by 0x81FE0FF: Geom_BSplineSurface::Geom_BSplineSurface(TColgp_Array2OfPnt const&, TColStd_Array1OfReal const&, TColStd_Array1OfReal const&, TColStd_Array1OfInteger const&, TColStd_Array1OfInteger const&, int, int, unsigned int, unsigned int) (in /home/julia/ESP/OpenCASCADE-6.8.1/lin64/gcc/lib/libTKG3d.so)
==28605==    by 0x8737998: operator>>(std::istream&, Handle_Geom_BSplineSurface&) (in /home/julia/ESP/OpenCASCADE-6.8.1/lin64/gcc/lib/libTKGeomBase.so)
==28605==    by 0x87382AD: GeomTools_SurfaceSet::ReadSurface(std::istream&, Handle_Geom_Surface&) (in /home/julia/ESP/OpenCASCADE-6.8.1/lin64/gcc/lib/libTKGeomBase.so)
==28605==    by 0x87386E2: GeomTools_SurfaceSet::Read(std::istream&) (in /home/julia/ESP/OpenCASCADE-6.8.1/lin64/gcc/lib/libTKGeomBase.so)
==28605==    by 0x7CF1414: BRepTools_ShapeSet::ReadGeometry(std::istream&) (in /home/julia/ESP/OpenCASCADE-6.8.1/lin64/gcc/lib/libTKBRep.so)
==28605==    by 0x7CB73A4: TopTools_ShapeSet::Read(std::istream&) (in /home/julia/ESP/OpenCASCADE-6.8.1/lin64/gcc/lib/libTKBRep.so)
==28605==    by 0x7CDDE65: BRepTools::Read(TopoDS_Shape&, char const*, BRep_Builder const&, Handle_Message_ProgressIndicator const&) (in /home/julia/ESP/OpenCASCADE-6.8.1/lin64/gcc/lib/libTKBRep.so)
==28605==    by 0x4EB1361: EG_loadModel (egadsIO.cpp:642)
==28605==    by 0x4053AD: main (trimmingApproximation.c:142)
==28605== 
==28605== 2,160 bytes in 8 blocks are definitely lost in loss record 193 of 219
==28605==    at 0x4C2E80F: operator new[](unsigned long) (in /usr/lib/valgrind/vgpreload_memcheck-amd64-linux.so)
==28605==    by 0x81F4A7F: Geom_BSplineCurve::Geom_BSplineCurve(TColgp_Array1OfPnt const&, TColStd_Array1OfReal const&, TColStd_Array1OfInteger const&, int, unsigned int) (in /home/julia/ESP/OpenCASCADE-6.8.1/lin64/gcc/lib/libTKG3d.so)
==28605==    by 0x8732946: operator>>(std::istream&, Handle_Geom_BSplineCurve&) (in /home/julia/ESP/OpenCASCADE-6.8.1/lin64/gcc/lib/libTKGeomBase.so)
==28605==    by 0x873376D: GeomTools_CurveSet::ReadCurve(std::istream&, Handle_Geom_Curve&) (in /home/julia/ESP/OpenCASCADE-6.8.1/lin64/gcc/lib/libTKGeomBase.so)
==28605==    by 0x8733E82: GeomTools_CurveSet::Read(std::istream&) (in /home/julia/ESP/OpenCASCADE-6.8.1/lin64/gcc/lib/libTKGeomBase.so)
==28605==    by 0x7CF1129: BRepTools_ShapeSet::ReadGeometry(std::istream&) (in /home/julia/ESP/OpenCASCADE-6.8.1/lin64/gcc/lib/libTKBRep.so)
==28605==    by 0x7CB73A4: TopTools_ShapeSet::Read(std::istream&) (in /home/julia/ESP/OpenCASCADE-6.8.1/lin64/gcc/lib/libTKBRep.so)
==28605==    by 0x7CDDE65: BRepTools::Read(TopoDS_Shape&, char const*, BRep_Builder const&, Handle_Message_ProgressIndicator const&) (in /home/julia/ESP/OpenCASCADE-6.8.1/lin64/gcc/lib/libTKBRep.so)
==28605==    by 0x4EB1361: EG_loadModel (egadsIO.cpp:642)
==28605==    by 0x4053AD: main (trimmingApproximation.c:142)
==28605== 
==28605== 2,496 (192 direct, 2,304 indirect) bytes in 6 blocks are definitely lost in loss record 195 of 219
==28605==    at 0x4C2FB55: calloc (in /usr/lib/valgrind/vgpreload_memcheck-amd64-linux.so)
==28605==    by 0x5E8D4FF: Standard_MMgrRaw::Allocate(unsigned long) (in /home/julia/ESP/OpenCASCADE-6.8.1/lin64/gcc/lib/libTKernel.so)
==28605==    by 0x7011EF5: TColgp_Array2OfPnt::Allocate() (in /home/julia/ESP/OpenCASCADE-6.8.1/lin64/gcc/lib/libTKMath.so)
==28605==    by 0x81FE083: Geom_BSplineSurface::Geom_BSplineSurface(TColgp_Array2OfPnt const&, TColStd_Array1OfReal const&, TColStd_Array1OfReal const&, TColStd_Array1OfInteger const&, TColStd_Array1OfInteger const&, int, int, unsigned int, unsigned int) (in /home/julia/ESP/OpenCASCADE-6.8.1/lin64/gcc/lib/libTKG3d.so)
==28605==    by 0x4E65B0F: EG_makeGeometry (egadsGeom.cpp:2301)
==28605==    by 0x4EC76F1: EG_spline2dAppx (egadsSplineFit.cpp:3630)
==28605==    by 0x40659E: main (trimmingApproximation.c:354)
==28605== 
==28605== 3,392 bytes in 4 blocks are definitely lost in loss record 197 of 219
==28605==    at 0x4C2E80F: operator new[](unsigned long) (in /usr/lib/valgrind/vgpreload_memcheck-amd64-linux.so)
==28605==    by 0x7F63482: Geom2d_BSplineCurve::UpdateKnots() (in /home/julia/ESP/OpenCASCADE-6.8.1/lin64/gcc/lib/libTKG2d.so)
==28605==    by 0x7F6626D: Geom2d_BSplineCurve::Geom2d_BSplineCurve(TColgp_Array1OfPnt2d const&, TColStd_Array1OfReal const&, TColStd_Array1OfInteger const&, int, unsigned int) (in /home/julia/ESP/OpenCASCADE-6.8.1/lin64/gcc/lib/libTKG2d.so)
==28605==    by 0x872E70E: operator>>(std::istream&, Handle_Geom2d_BSplineCurve&) (in /home/julia/ESP/OpenCASCADE-6.8.1/lin64/gcc/lib/libTKGeomBase.so)
==28605==    by 0x872F2CD: GeomTools_Curve2dSet::ReadCurve2d(std::istream&, Handle_Geom2d_Curve&) (in /home/julia/ESP/OpenCASCADE-6.8.1/lin64/gcc/lib/libTKGeomBase.so)
==28605==    by 0x872FC22: GeomTools_Curve2dSet::Read(std::istream&) (in /home/julia/ESP/OpenCASCADE-6.8.1/lin64/gcc/lib/libTKGeomBase.so)
==28605==    by 0x7CF0FF4: BRepTools_ShapeSet::ReadGeometry(std::istream&) (in /home/julia/ESP/OpenCASCADE-6.8.1/lin64/gcc/lib/libTKBRep.so)
==28605==    by 0x7CB73A4: TopTools_ShapeSet::Read(std::istream&) (in /home/julia/ESP/OpenCASCADE-6.8.1/lin64/gcc/lib/libTKBRep.so)
==28605==    by 0x7CDDE65: BRepTools::Read(TopoDS_Shape&, char const*, BRep_Builder const&, Handle_Message_ProgressIndicator const&) (in /home/julia/ESP/OpenCASCADE-6.8.1/lin64/gcc/lib/libTKBRep.so)
==28605==    by 0x4EB1361: EG_loadModel (egadsIO.cpp:642)
==28605==    by 0x4053AD: main (trimmingApproximation.c:142)
==28605== 
==28605== 4,056 bytes in 1 blocks are possibly lost in loss record 199 of 219
==28605==    at 0x4C2FB55: calloc (in /usr/lib/valgrind/vgpreload_memcheck-amd64-linux.so)
==28605==    by 0x5E8D4FF: Standard_MMgrRaw::Allocate(unsigned long) (in /home/julia/ESP/OpenCASCADE-6.8.1/lin64/gcc/lib/libTKernel.so)
==28605==    by 0x7011F66: TColgp_Array2OfPnt::Allocate() (in /home/julia/ESP/OpenCASCADE-6.8.1/lin64/gcc/lib/libTKMath.so)
==28605==    by 0x81FDC2F: Geom_BSplineSurface::Geom_BSplineSurface(TColgp_Array2OfPnt const&, TColStd_Array1OfReal const&, TColStd_Array1OfReal const&, TColStd_Array1OfInteger const&, TColStd_Array1OfInteger const&, int, int, unsigned int, unsigned int) (in /home/julia/ESP/OpenCASCADE-6.8.1/lin64/gcc/lib/libTKG3d.so)
==28605==    by 0x4E65B0F: EG_makeGeometry (egadsGeom.cpp:2301)
==28605==    by 0x4EC76F1: EG_spline2dAppx (egadsSplineFit.cpp:3630)
==28605==    by 0x40659E: main (trimmingApproximation.c:354)
==28605== 
==28605== 4,320 bytes in 8 blocks are definitely lost in loss record 200 of 219
==28605==    at 0x4C2E80F: operator new[](unsigned long) (in /usr/lib/valgrind/vgpreload_memcheck-amd64-linux.so)
==28605==    by 0x81F49EF: Geom_BSplineCurve::Geom_BSplineCurve(TColgp_Array1OfPnt const&, TColStd_Array1OfReal const&, TColStd_Array1OfInteger const&, int, unsigned int) (in /home/julia/ESP/OpenCASCADE-6.8.1/lin64/gcc/lib/libTKG3d.so)
==28605==    by 0x8732946: operator>>(std::istream&, Handle_Geom_BSplineCurve&) (in /home/julia/ESP/OpenCASCADE-6.8.1/lin64/gcc/lib/libTKGeomBase.so)
==28605==    by 0x873376D: GeomTools_CurveSet::ReadCurve(std::istream&, Handle_Geom_Curve&) (in /home/julia/ESP/OpenCASCADE-6.8.1/lin64/gcc/lib/libTKGeomBase.so)
==28605==    by 0x8733E82: GeomTools_CurveSet::Read(std::istream&) (in /home/julia/ESP/OpenCASCADE-6.8.1/lin64/gcc/lib/libTKGeomBase.so)
==28605==    by 0x7CF1129: BRepTools_ShapeSet::ReadGeometry(std::istream&) (in /home/julia/ESP/OpenCASCADE-6.8.1/lin64/gcc/lib/libTKBRep.so)
==28605==    by 0x7CB73A4: TopTools_ShapeSet::Read(std::istream&) (in /home/julia/ESP/OpenCASCADE-6.8.1/lin64/gcc/lib/libTKBRep.so)
==28605==    by 0x7CDDE65: BRepTools::Read(TopoDS_Shape&, char const*, BRep_Builder const&, Handle_Message_ProgressIndicator const&) (in /home/julia/ESP/OpenCASCADE-6.8.1/lin64/gcc/lib/libTKBRep.so)
==28605==    by 0x4EB1361: EG_loadModel (egadsIO.cpp:642)
==28605==    by 0x4053AD: main (trimmingApproximation.c:142)
==28605== 
==28605== 6,464 bytes in 4 blocks are definitely lost in loss record 203 of 219
==28605==    at 0x4C2FB55: calloc (in /usr/lib/valgrind/vgpreload_memcheck-amd64-linux.so)
==28605==    by 0x5E8D4FF: Standard_MMgrRaw::Allocate(unsigned long) (in /home/julia/ESP/OpenCASCADE-6.8.1/lin64/gcc/lib/libTKernel.so)
==28605==    by 0x7F660B6: Geom2d_BSplineCurve::Geom2d_BSplineCurve(TColgp_Array1OfPnt2d const&, TColStd_Array1OfReal const&, TColStd_Array1OfInteger const&, int, unsigned int) (in /home/julia/ESP/OpenCASCADE-6.8.1/lin64/gcc/lib/libTKG2d.so)
==28605==    by 0x872E70E: operator>>(std::istream&, Handle_Geom2d_BSplineCurve&) (in /home/julia/ESP/OpenCASCADE-6.8.1/lin64/gcc/lib/libTKGeomBase.so)
==28605==    by 0x872F2CD: GeomTools_Curve2dSet::ReadCurve2d(std::istream&, Handle_Geom2d_Curve&) (in /home/julia/ESP/OpenCASCADE-6.8.1/lin64/gcc/lib/libTKGeomBase.so)
==28605==    by 0x872FC22: GeomTools_Curve2dSet::Read(std::istream&) (in /home/julia/ESP/OpenCASCADE-6.8.1/lin64/gcc/lib/libTKGeomBase.so)
==28605==    by 0x7CF0FF4: BRepTools_ShapeSet::ReadGeometry(std::istream&) (in /home/julia/ESP/OpenCASCADE-6.8.1/lin64/gcc/lib/libTKBRep.so)
==28605==    by 0x7CB73A4: TopTools_ShapeSet::Read(std::istream&) (in /home/julia/ESP/OpenCASCADE-6.8.1/lin64/gcc/lib/libTKBRep.so)
==28605==    by 0x7CDDE65: BRepTools::Read(TopoDS_Shape&, char const*, BRep_Builder const&, Handle_Message_ProgressIndicator const&) (in /home/julia/ESP/OpenCASCADE-6.8.1/lin64/gcc/lib/libTKBRep.so)
==28605==    by 0x4EB1361: EG_loadModel (egadsIO.cpp:642)
==28605==    by 0x4053AD: main (trimmingApproximation.c:142)
==28605== 
==28605== 6,656 (624 direct, 6,032 indirect) bytes in 6 blocks are definitely lost in loss record 205 of 219
==28605==    at 0x4C2FB55: calloc (in /usr/lib/valgrind/vgpreload_memcheck-amd64-linux.so)
==28605==    by 0x5E8D4FF: Standard_MMgrRaw::Allocate(unsigned long) (in /home/julia/ESP/OpenCASCADE-6.8.1/lin64/gcc/lib/libTKernel.so)
==28605==    by 0x5EA32B7: TColStd_Array2OfReal::Allocate() (in /home/julia/ESP/OpenCASCADE-6.8.1/lin64/gcc/lib/libTKernel.so)
==28605==    by 0x81FDD2F: Geom_BSplineSurface::Geom_BSplineSurface(TColgp_Array2OfPnt const&, TColStd_Array1OfReal const&, TColStd_Array1OfReal const&, TColStd_Array1OfInteger const&, TColStd_Array1OfInteger const&, int, int, unsigned int, unsigned int) (in /home/julia/ESP/OpenCASCADE-6.8.1/lin64/gcc/lib/libTKG3d.so)
==28605==    by 0x4E65B0F: EG_makeGeometry (egadsGeom.cpp:2301)
==28605==    by 0x4EC76F1: EG_spline2dAppx (egadsSplineFit.cpp:3630)
==28605==    by 0x40659E: main (trimmingApproximation.c:354)
==28605== 
==28605== 6,816 bytes in 8 blocks are definitely lost in loss record 206 of 219
==28605==    at 0x4C2E80F: operator new[](unsigned long) (in /usr/lib/valgrind/vgpreload_memcheck-amd64-linux.so)
==28605==    by 0x81F13A2: Geom_BSplineCurve::UpdateKnots() (in /home/julia/ESP/OpenCASCADE-6.8.1/lin64/gcc/lib/libTKG3d.so)
==28605==    by 0x81F4AB9: Geom_BSplineCurve::Geom_BSplineCurve(TColgp_Array1OfPnt const&, TColStd_Array1OfReal const&, TColStd_Array1OfInteger const&, int, unsigned int) (in /home/julia/ESP/OpenCASCADE-6.8.1/lin64/gcc/lib/libTKG3d.so)
==28605==    by 0x8732946: operator>>(std::istream&, Handle_Geom_BSplineCurve&) (in /home/julia/ESP/OpenCASCADE-6.8.1/lin64/gcc/lib/libTKGeomBase.so)
==28605==    by 0x873376D: GeomTools_CurveSet::ReadCurve(std::istream&, Handle_Geom_Curve&) (in /home/julia/ESP/OpenCASCADE-6.8.1/lin64/gcc/lib/libTKGeomBase.so)
==28605==    by 0x8733E82: GeomTools_CurveSet::Read(std::istream&) (in /home/julia/ESP/OpenCASCADE-6.8.1/lin64/gcc/lib/libTKGeomBase.so)
==28605==    by 0x7CF1129: BRepTools_ShapeSet::ReadGeometry(std::istream&) (in /home/julia/ESP/OpenCASCADE-6.8.1/lin64/gcc/lib/libTKBRep.so)
==28605==    by 0x7CB73A4: TopTools_ShapeSet::Read(std::istream&) (in /home/julia/ESP/OpenCASCADE-6.8.1/lin64/gcc/lib/libTKBRep.so)
==28605==    by 0x7CDDE65: BRepTools::Read(TopoDS_Shape&, char const*, BRep_Builder const&, Handle_Message_ProgressIndicator const&) (in /home/julia/ESP/OpenCASCADE-6.8.1/lin64/gcc/lib/libTKBRep.so)
==28605==    by 0x4EB1361: EG_loadModel (egadsIO.cpp:642)
==28605==    by 0x4053AD: main (trimmingApproximation.c:142)
==28605== 
==28605== 8,240 (1,648 direct, 6,592 indirect) bytes in 2 blocks are definitely lost in loss record 207 of 219
==28605==    at 0x4C2FB55: calloc (in /usr/lib/valgrind/vgpreload_memcheck-amd64-linux.so)
==28605==    by 0x5E8D4FF: Standard_MMgrRaw::Allocate(unsigned long) (in /home/julia/ESP/OpenCASCADE-6.8.1/lin64/gcc/lib/libTKernel.so)
==28605==    by 0x5EA32B7: TColStd_Array2OfReal::Allocate() (in /home/julia/ESP/OpenCASCADE-6.8.1/lin64/gcc/lib/libTKernel.so)
==28605==    by 0x81FDD2F: Geom_BSplineSurface::Geom_BSplineSurface(TColgp_Array2OfPnt const&, TColStd_Array1OfReal const&, TColStd_Array1OfReal const&, TColStd_Array1OfInteger const&, TColStd_Array1OfInteger const&, int, int, unsigned int, unsigned int) (in /home/julia/ESP/OpenCASCADE-6.8.1/lin64/gcc/lib/libTKG3d.so)
==28605==    by 0x8737998: operator>>(std::istream&, Handle_Geom_BSplineSurface&) (in /home/julia/ESP/OpenCASCADE-6.8.1/lin64/gcc/lib/libTKGeomBase.so)
==28605==    by 0x87382AD: GeomTools_SurfaceSet::ReadSurface(std::istream&, Handle_Geom_Surface&) (in /home/julia/ESP/OpenCASCADE-6.8.1/lin64/gcc/lib/libTKGeomBase.so)
==28605==    by 0x87386E2: GeomTools_SurfaceSet::Read(std::istream&) (in /home/julia/ESP/OpenCASCADE-6.8.1/lin64/gcc/lib/libTKGeomBase.so)
==28605==    by 0x7CF1414: BRepTools_ShapeSet::ReadGeometry(std::istream&) (in /home/julia/ESP/OpenCASCADE-6.8.1/lin64/gcc/lib/libTKBRep.so)
==28605==    by 0x7CB73A4: TopTools_ShapeSet::Read(std::istream&) (in /home/julia/ESP/OpenCASCADE-6.8.1/lin64/gcc/lib/libTKBRep.so)
==28605==    by 0x7CDDE65: BRepTools::Read(TopoDS_Shape&, char const*, BRep_Builder const&, Handle_Message_ProgressIndicator const&) (in /home/julia/ESP/OpenCASCADE-6.8.1/lin64/gcc/lib/libTKBRep.so)
==28605==    by 0x4EB1361: EG_loadModel (egadsIO.cpp:642)
==28605==    by 0x4053AD: main (trimmingApproximation.c:142)
==28605== 
==28605== 14,664 (624 direct, 14,040 indirect) bytes in 6 blocks are definitely lost in loss record 211 of 219
==28605==    at 0x4C2FB55: calloc (in /usr/lib/valgrind/vgpreload_memcheck-amd64-linux.so)
==28605==    by 0x5E8D4FF: Standard_MMgrRaw::Allocate(unsigned long) (in /home/julia/ESP/OpenCASCADE-6.8.1/lin64/gcc/lib/libTKernel.so)
==28605==    by 0x7011EF5: TColgp_Array2OfPnt::Allocate() (in /home/julia/ESP/OpenCASCADE-6.8.1/lin64/gcc/lib/libTKMath.so)
==28605==    by 0x81FDC2F: Geom_BSplineSurface::Geom_BSplineSurface(TColgp_Array2OfPnt const&, TColStd_Array1OfReal const&, TColStd_Array1OfReal const&, TColStd_Array1OfInteger const&, TColStd_Array1OfInteger const&, int, int, unsigned int, unsigned int) (in /home/julia/ESP/OpenCASCADE-6.8.1/lin64/gcc/lib/libTKG3d.so)
==28605==    by 0x4E65B0F: EG_makeGeometry (egadsGeom.cpp:2301)
==28605==    by 0x4EC76F1: EG_spline2dAppx (egadsSplineFit.cpp:3630)
==28605==    by 0x40659E: main (trimmingApproximation.c:354)
==28605== 
==28605== 19,584 bytes in 8 blocks are definitely lost in loss record 214 of 219
==28605==    at 0x4C2FB55: calloc (in /usr/lib/valgrind/vgpreload_memcheck-amd64-linux.so)
==28605==    by 0x5E8D4FF: Standard_MMgrRaw::Allocate(unsigned long) (in /home/julia/ESP/OpenCASCADE-6.8.1/lin64/gcc/lib/libTKernel.so)
==28605==    by 0x81F48A8: Geom_BSplineCurve::Geom_BSplineCurve(TColgp_Array1OfPnt const&, TColStd_Array1OfReal const&, TColStd_Array1OfInteger const&, int, unsigned int) (in /home/julia/ESP/OpenCASCADE-6.8.1/lin64/gcc/lib/libTKG3d.so)
==28605==    by 0x8732946: operator>>(std::istream&, Handle_Geom_BSplineCurve&) (in /home/julia/ESP/OpenCASCADE-6.8.1/lin64/gcc/lib/libTKGeomBase.so)
==28605==    by 0x873376D: GeomTools_CurveSet::ReadCurve(std::istream&, Handle_Geom_Curve&) (in /home/julia/ESP/OpenCASCADE-6.8.1/lin64/gcc/lib/libTKGeomBase.so)
==28605==    by 0x8733E82: GeomTools_CurveSet::Read(std::istream&) (in /home/julia/ESP/OpenCASCADE-6.8.1/lin64/gcc/lib/libTKGeomBase.so)
==28605==    by 0x7CF1129: BRepTools_ShapeSet::ReadGeometry(std::istream&) (in /home/julia/ESP/OpenCASCADE-6.8.1/lin64/gcc/lib/libTKBRep.so)
==28605==    by 0x7CB73A4: TopTools_ShapeSet::Read(std::istream&) (in /home/julia/ESP/OpenCASCADE-6.8.1/lin64/gcc/lib/libTKBRep.so)
==28605==    by 0x7CDDE65: BRepTools::Read(TopoDS_Shape&, char const*, BRep_Builder const&, Handle_Message_ProgressIndicator const&) (in /home/julia/ESP/OpenCASCADE-6.8.1/lin64/gcc/lib/libTKBRep.so)
==28605==    by 0x4EB1361: EG_loadModel (egadsIO.cpp:642)
==28605==    by 0x4053AD: main (trimmingApproximation.c:142)
==28605== 
==28605== 21,424 (1,648 direct, 19,776 indirect) bytes in 2 blocks are definitely lost in loss record 216 of 219
==28605==    at 0x4C2FB55: calloc (in /usr/lib/valgrind/vgpreload_memcheck-amd64-linux.so)
==28605==    by 0x5E8D4FF: Standard_MMgrRaw::Allocate(unsigned long) (in /home/julia/ESP/OpenCASCADE-6.8.1/lin64/gcc/lib/libTKernel.so)
==28605==    by 0x7011EF5: TColgp_Array2OfPnt::Allocate() (in /home/julia/ESP/OpenCASCADE-6.8.1/lin64/gcc/lib/libTKMath.so)
==28605==    by 0x81FDC2F: Geom_BSplineSurface::Geom_BSplineSurface(TColgp_Array2OfPnt const&, TColStd_Array1OfReal const&, TColStd_Array1OfReal const&, TColStd_Array1OfInteger const&, TColStd_Array1OfInteger const&, int, int, unsigned int, unsigned int) (in /home/julia/ESP/OpenCASCADE-6.8.1/lin64/gcc/lib/libTKG3d.so)
==28605==    by 0x8737998: operator>>(std::istream&, Handle_Geom_BSplineSurface&) (in /home/julia/ESP/OpenCASCADE-6.8.1/lin64/gcc/lib/libTKGeomBase.so)
==28605==    by 0x87382AD: GeomTools_SurfaceSet::ReadSurface(std::istream&, Handle_Geom_Surface&) (in /home/julia/ESP/OpenCASCADE-6.8.1/lin64/gcc/lib/libTKGeomBase.so)
==28605==    by 0x87386E2: GeomTools_SurfaceSet::Read(std::istream&) (in /home/julia/ESP/OpenCASCADE-6.8.1/lin64/gcc/lib/libTKGeomBase.so)
==28605==    by 0x7CF1414: BRepTools_ShapeSet::ReadGeometry(std::istream&) (in /home/julia/ESP/OpenCASCADE-6.8.1/lin64/gcc/lib/libTKBRep.so)
==28605==    by 0x7CB73A4: TopTools_ShapeSet::Read(std::istream&) (in /home/julia/ESP/OpenCASCADE-6.8.1/lin64/gcc/lib/libTKBRep.so)
==28605==    by 0x7CDDE65: BRepTools::Read(TopoDS_Shape&, char const*, BRep_Builder const&, Handle_Message_ProgressIndicator const&) (in /home/julia/ESP/OpenCASCADE-6.8.1/lin64/gcc/lib/libTKBRep.so)
==28605==    by 0x4EB1361: EG_loadModel (egadsIO.cpp:642)
==28605==    by 0x4053AD: main (trimmingApproximation.c:142)
==28605== 
==28605== LEAK SUMMARY:
==28605==    definitely lost: 58,640 bytes in 169 blocks
==28605==    indirectly lost: 50,544 bytes in 36 blocks
==28605==      possibly lost: 4,056 bytes in 1 blocks
==28605==    still reachable: 250,449 bytes in 954 blocks
==28605==         suppressed: 0 bytes in 0 blocks
==28605== Reachable blocks (those to which a pointer was found) are not shown.
==28605== To see them, rerun with: --leak-check=full --show-leak-kinds=all
==28605== 
==28605== For counts of detected and suppressed errors, rerun with: -v
==28605== ERROR SUMMARY: 39 errors from 39 contexts (suppressed: 0 from 0)
